<?xml version="1.0" encoding="UTF-8"?>
<!-- Generated by org.testng.reporters.JUnitReportReporter -->
<testsuite hostname="DESKTOP-SASHIKUMAR" failures="0" tests="1" name="Sample.Demo.OpenURLsFromCSV" time="70.999" errors="0" timestamp="2023-07-31T18:26:57 IST" skipped="0">
  <testcase classname="Sample.Demo.OpenURLsFromCSV" name="demoTest" time="70.999"/>
  <system-out/>
</testsuite> <!-- Sample.Demo.OpenURLsFromCSV -->
